Using pre-set license
Built from '2020.3/release' branch; Version is '2020.3.2f1 (8fd9074bf66c) revision 9427207'; Using compiler version '192528614'; Build Type 'Release'
OS: 'Windows 10 Pro; OS build 19043.1288; Version 2009; 64bit' Language: 'es' Physical Memory: 8079 MB
BatchMode: 1, IsHumanControllingUs: 0, StartBugReporterOnCrash: 0, Is64bit: 1, IsPro: 0

 COMMAND LINE ARGUMENTS:
C:\Program Files\Unity\Hub\Editor\2020.3.2f1\Editor\Unity.exe
-adb2
-batchMode
-noUpm
-name
AssetImportWorker0
-projectPath
C:/Users/Gast贸n/Desktop/VIDEOJUEGOS/DIPLOMATURA EN VIDEOJUEGOS - UPC/Plataformero 3D/Faunus 1.1
-logFile
Logs/AssetImportWorker0.log
-srvPort
53378
Successfully changed project path to: C:/Users/Gast贸n/Desktop/VIDEOJUEGOS/DIPLOMATURA EN VIDEOJUEGOS - UPC/Plataformero 3D/Faunus 1.1
C:/Users/Gast贸n/Desktop/VIDEOJUEGOS/DIPLOMATURA EN VIDEOJUEGOS - UPC/Plataformero 3D/Faunus 1.1
Using Asset Import Pipeline V2.
Refreshing native plugins compatible for Editor in 45.75 ms, found 2 plugins.
Preloading 0 native plugins for Editor in 0.00 ms.
Initialize engine version: 2020.3.2f1 (8fd9074bf66c)
[Subsystems] Discovering subsystems at path C:/Program Files/Unity/Hub/Editor/2020.3.2f1/Editor/Data/Resources/UnitySubsystems
[Subsystems] Discovering subsystems at path C:/Users/Gast贸n/Desktop/VIDEOJUEGOS/DIPLOMATURA EN VIDEOJUEGOS - UPC/Plataformero 3D/Faunus 1.1/Assets
GfxDevice: creating device client; threaded=0
Direct3D:
    Version:  Direct3D 11.0 [level 11.1]
    Renderer: Intel(R) HD Graphics 630 (ID=0x5912)
    Vendor:   
    VRAM:     4039 MB
    Driver:   27.20.100.8280
Initialize mono
Mono path[0] = 'C:/Program Files/Unity/Hub/Editor/2020.3.2f1/Editor/Data/Managed'
Mono path[1] = 'C:/Program Files/Unity/Hub/Editor/2020.3.2f1/Editor/Data/MonoBleedingEdge/lib/mono/unityjit'
Mono config path = 'C:/Program Files/Unity/Hub/Editor/2020.3.2f1/Editor/Data/MonoBleedingEdge/etc'
Using monoOptions --debugger-agent=transport=dt_socket,embedding=1,server=y,suspend=n,address=127.0.0.1:56116
Begin MonoManager ReloadAssembly
Registering precompiled unity dll's ...
Register platform support module: C:/Program Files/Unity/Hub/Editor/2020.3.2f1/Editor/Data/PlaybackEngines/WindowsStandaloneSupport/UnityEditor.WindowsStandalone.Extensions.dll
Registered in 0.002411 seconds.
Native extension for WindowsStandalone target not found
Refreshing native plugins compatible for Editor in 37.49 ms, found 2 plugins.
Preloading 0 native plugins for Editor in 0.00 ms.
Invoked RoslynAnalysisRunner static constructor.
RoslynAnalysisRunner will not be running.
RoslynAnalysisRunner has terminated.
Mono: successfully reloaded assembly
- Completed reload, in  3.369 seconds
Platform modules already initialized, skipping
Registering precompiled user dll's ...
Registered in 0.003637 seconds.
Begin MonoManager ReloadAssembly
Native extension for WindowsStandalone target not found
Refreshing native plugins compatible for Editor in 1.09 ms, found 2 plugins.
Preloading 0 native plugins for Editor in 0.00 ms.
Invoked RoslynAnalysisRunner static constructor.
RoslynAnalysisRunner will not be running.
RoslynAnalysisRunner has terminated.
Mono: successfully reloaded assembly
- Completed reload, in  1.106 seconds
Platform modules already initialized, skipping
========================================================================
Worker process is ready to serve import requests
Launched and connected shader compiler UnityShaderCompiler.exe after 0.05 seconds
Refreshing native plugins compatible for Editor in 0.51 ms, found 2 plugins.
Preloading 0 native plugins for Editor in 0.00 ms.
Unloading 1739 Unused Serialized files (Serialized files now loaded: 0)
System memory in use before: 88.2 MB.
System memory in use after: 87.9 MB.

Unloading 20 unused Assets to reduce memory usage. Loaded Objects now: 2183.
Total: 6.812900 ms (FindLiveObjects: 0.171100 ms CreateObjectMapping: 0.062100 ms MarkObjects: 5.794100 ms  DeleteObjects: 0.784300 ms)

========================================================================
Received Import Request.
  path: Assets/PreFabs/Puzzles.prefab
  artifactKey: Guid(05d956a411098134f96bf81ac02f70d4) Importer(815301076,1909f56bfc062723c751e8b465ee728b)
Start importing Assets/PreFabs/Puzzles.prefab using Guid(05d956a411098134f96bf81ac02f70d4) Importer(815301076,1909f56bfc062723c751e8b465ee728b)  -> (artifact id: 'cb4fcb6c56c023935c0a59b83e335968') in 0.141663 seconds
  Import took 0.147778 seconds .

AssetImportWorkerClient::OnTransportError - code=2 error=End of file
