Using pre-set license
Built from '2020.3/release' branch; Version is '2020.3.2f1 (8fd9074bf66c) revision 9427207'; Using compiler version '192528614'; Build Type 'Release'
OS: 'Windows 10 Pro; OS build 19043.1288; Version 2009; 64bit' Language: 'es' Physical Memory: 8079 MB
BatchMode: 1, IsHumanControllingUs: 0, StartBugReporterOnCrash: 0, Is64bit: 1, IsPro: 0

 COMMAND LINE ARGUMENTS:
C:\Program Files\Unity\Hub\Editor\2020.3.2f1\Editor\Unity.exe
-adb2
-batchMode
-noUpm
-name
AssetImportWorker1
-projectPath
C:/Users/Gast贸n/Desktop/VIDEOJUEGOS/DIPLOMATURA EN VIDEOJUEGOS - UPC/Plataformero 3D/Faunus 1.1
-logFile
Logs/AssetImportWorker1.log
-srvPort
54673
Successfully changed project path to: C:/Users/Gast贸n/Desktop/VIDEOJUEGOS/DIPLOMATURA EN VIDEOJUEGOS - UPC/Plataformero 3D/Faunus 1.1
C:/Users/Gast贸n/Desktop/VIDEOJUEGOS/DIPLOMATURA EN VIDEOJUEGOS - UPC/Plataformero 3D/Faunus 1.1
Using Asset Import Pipeline V2.
Refreshing native plugins compatible for Editor in 1080.31 ms, found 2 plugins.
Preloading 0 native plugins for Editor in 0.00 ms.
Initialize engine version: 2020.3.2f1 (8fd9074bf66c)
[Subsystems] Discovering subsystems at path C:/Program Files/Unity/Hub/Editor/2020.3.2f1/Editor/Data/Resources/UnitySubsystems
[Subsystems] Discovering subsystems at path C:/Users/Gast贸n/Desktop/VIDEOJUEGOS/DIPLOMATURA EN VIDEOJUEGOS - UPC/Plataformero 3D/Faunus 1.1/Assets
GfxDevice: creating device client; threaded=0
Direct3D:
    Version:  Direct3D 11.0 [level 11.1]
    Renderer: Intel(R) HD Graphics 630 (ID=0x5912)
    Vendor:   
    VRAM:     4039 MB
    Driver:   27.20.100.8280
Initialize mono
Mono path[0] = 'C:/Program Files/Unity/Hub/Editor/2020.3.2f1/Editor/Data/Managed'
Mono path[1] = 'C:/Program Files/Unity/Hub/Editor/2020.3.2f1/Editor/Data/MonoBleedingEdge/lib/mono/unityjit'
Mono config path = 'C:/Program Files/Unity/Hub/Editor/2020.3.2f1/Editor/Data/MonoBleedingEdge/etc'
Using monoOptions --debugger-agent=transport=dt_socket,embedding=1,server=y,suspend=n,address=127.0.0.1:56452
Begin MonoManager ReloadAssembly
Registering precompiled unity dll's ...
Register platform support module: C:/Program Files/Unity/Hub/Editor/2020.3.2f1/Editor/Data/PlaybackEngines/WindowsStandaloneSupport/UnityEditor.WindowsStandalone.Extensions.dll
Registered in 0.002261 seconds.
Native extension for WindowsStandalone target not found
Refreshing native plugins compatible for Editor in 585.93 ms, found 2 plugins.
Preloading 0 native plugins for Editor in 0.00 ms.
Invoked RoslynAnalysisRunner static constructor.
RoslynAnalysisRunner will not be running.
RoslynAnalysisRunner has terminated.
Mono: successfully reloaded assembly
- Completed reload, in 17.304 seconds
Platform modules already initialized, skipping
Registering precompiled user dll's ...
Registered in 0.014237 seconds.
Begin MonoManager ReloadAssembly
Native extension for WindowsStandalone target not found
Refreshing native plugins compatible for Editor in 0.61 ms, found 2 plugins.
Preloading 0 native plugins for Editor in 0.00 ms.
Invoked RoslynAnalysisRunner static constructor.
RoslynAnalysisRunner will not be running.
RoslynAnalysisRunner has terminated.
Mono: successfully reloaded assembly
- Completed reload, in  1.645 seconds
Platform modules already initialized, skipping
========================================================================
Worker process is ready to serve import requests
Launched and connected shader compiler UnityShaderCompiler.exe after 0.07 seconds
Refreshing native plugins compatible for Editor in 0.40 ms, found 2 plugins.
Preloading 0 native plugins for Editor in 0.00 ms.
Unloading 1737 Unused Serialized files (Serialized files now loaded: 0)
System memory in use before: 88.3 MB.
System memory in use after: 87.9 MB.

Unloading 20 unused Assets to reduce memory usage. Loaded Objects now: 2181.
Total: 6.619200 ms (FindLiveObjects: 0.215500 ms CreateObjectMapping: 0.086400 ms MarkObjects: 5.442100 ms  DeleteObjects: 0.873500 ms)

========================================================================
Received Import Request.
  path: Assets/AllPuzzlesResolve.cs
  artifactKey: Guid(bce32971d50dc1d46b7f8d36899f2d2f) Importer(815301076,1909f56bfc062723c751e8b465ee728b)
Start importing Assets/AllPuzzlesResolve.cs using Guid(bce32971d50dc1d46b7f8d36899f2d2f) Importer(815301076,1909f56bfc062723c751e8b465ee728b)  -> (artifact id: '3af64dde4ac58dc0bd6b839106a12cf4') in 0.034408 seconds
  Import took 0.037743 seconds .

